<?xml version="1.0" encoding="UTF-8"?>
<!-- Generated by org.testng.reporters.JUnitReportReporter -->
<testsuite hostname="SangMike-PC" name="Common.S001_Login" tests="1" failures="0" timestamp="15 Jul 2017 07:27:53 GMT" time="39.103" errors="0">
  <testcase name="S001_Login_TC001_Register_With_Valid_Information" time="39.103" classname="Common.S001_Login"/>
</testsuite> <!-- Common.S001_Login -->
